# JRE version: OpenJDK Runtime Environment (8.0_202-b03) (build 1.8.0_202-release-1483-b03)
# Java VM: OpenJDK 64-Bit Server VM (25.202-b03 mixed mode windows-amd64 compressed oops)
Heap:
 PSYoungGen      total 296448K, used 192431K [0x00000000eab00000, 0x00000000ff900000, 0x0000000100000000)
  eden space 253952K, 68% used [0x00000000eab00000,0x00000000f53b8f88,0x00000000fa300000)
  from space 42496K, 46% used [0x00000000fcf80000,0x00000000fe2b2d98,0x00000000ff900000)
  to   space 44032K, 0% used [0x00000000fa300000,0x00000000fa300000,0x00000000fce00000)
 ParOldGen       total 398336K, used 246707K [0x00000000c0000000, 0x00000000d8500000, 0x00000000eab00000)
  object space 398336K, 61% used [0x00000000c0000000,0x00000000cf0eced8,0x00000000d8500000)
 Metaspace       used 184838K, capacity 193885K, committed 194136K, reserved 1218560K
  class space    used 22699K, capacity 24265K, committed 24448K, reserved 1048576K
GC Heap History (10 events):
Event: 6804.743 GC heap before
{Heap before GC invocations=95 (full 9):
 PSYoungGen      total 277504K, used 228155K [0x00000000eab00000, 0x00000000ffc80000, 0x0000000100000000)
  eden space 215040K, 100% used [0x00000000eab00000,0x00000000f7d00000,0x00000000f7d00000)
  from space 62464K, 20% used [0x00000000f7d00000,0x00000000f89ced98,0x00000000fba00000)
  to   space 59392K, 0% used [0x00000000fc280000,0x00000000fc280000,0x00000000ffc80000)
 ParOldGen       total 398336K, used 246691K [0x00000000c0000000, 0x00000000d8500000, 0x00000000eab00000)
  object space 398336K, 61% used [0x00000000c0000000,0x00000000cf0e8ed8,0x00000000d8500000)
 Metaspace       used 184714K, capacity 193703K, committed 194136K, reserved 1218560K
  class space    used 22684K, capacity 24246K, committed 24448K, reserved 1048576K
Event: 6804.770 GC heap after
Heap after GC invocations=95 (full 9):
 PSYoungGen      total 280064K, used 14990K [0x00000000eab00000, 0x00000000ff600000, 0x0000000100000000)
  eden space 227328K, 0% used [0x00000000eab00000,0x00000000eab00000,0x00000000f8900000)
  from space 52736K, 28% used [0x00000000fc280000,0x00000000fd123b68,0x00000000ff600000)
  to   space 55808K, 0% used [0x00000000f8900000,0x00000000f8900000,0x00000000fbf80000)
 ParOldGen       total 398336K, used 246699K [0x00000000c0000000, 0x00000000d8500000, 0x00000000eab00000)
  object space 398336K, 61% used [0x00000000c0000000,0x00000000cf0eaed8,0x00000000d8500000)
 Metaspace       used 184714K, capacity 193703K, committed 194136K, reserved 1218560K
  class space    used 22684K, capacity 24246K, committed 24448K, reserved 1048576K
}
Event: 6805.678 GC heap before
{Heap before GC invocations=96 (full 9):
 PSYoungGen      total 280064K, used 242318K [0x00000000eab00000, 0x00000000ff600000, 0x0000000100000000)
  eden space 227328K, 100% used [0x00000000eab00000,0x00000000f8900000,0x00000000f8900000)
  from space 52736K, 28% used [0x00000000fc280000,0x00000000fd123b68,0x00000000ff600000)
  to   space 55808K, 0% used [0x00000000f8900000,0x00000000f8900000,0x00000000fbf80000)
 ParOldGen       total 398336K, used 246699K [0x00000000c0000000, 0x00000000d8500000, 0x00000000eab00000)
  object space 398336K, 61% used [0x00000000c0000000,0x00000000cf0eaed8,0x00000000d8500000)
 Metaspace       used 184718K, capacity 193711K, committed 194136K, reserved 1218560K
  class space    used 22684K, capacity 24246K, committed 24448K, reserved 1048576K
Event: 6805.724 GC heap after
Heap after GC invocations=96 (full 9):
 PSYoungGen      total 283136K, used 16107K [0x00000000eab00000, 0x00000000ffc00000, 0x0000000100000000)
  eden space 227328K, 0% used [0x00000000eab00000,0x00000000eab00000,0x00000000f8900000)
  from space 55808K, 28% used [0x00000000f8900000,0x00000000f98bad98,0x00000000fbf80000)
  to   space 52224K, 0% used [0x00000000fc900000,0x00000000fc900000,0x00000000ffc00000)
 ParOldGen       total 398336K, used 246699K [0x00000000c0000000, 0x00000000d8500000, 0x00000000eab00000)
  object space 398336K, 61% used [0x00000000c0000000,0x00000000cf0eaed8,0x00000000d8500000)
 Metaspace       used 184718K, capacity 193711K, committed 194136K, reserved 1218560K
  class space    used 22684K, capacity 24246K, committed 24448K, reserved 1048576K
}
Event: 6807.400 GC heap before
{Heap before GC invocations=97 (full 9):
 PSYoungGen      total 283136K, used 243435K [0x00000000eab00000, 0x00000000ffc00000, 0x0000000100000000)
  eden space 227328K, 100% used [0x00000000eab00000,0x00000000f8900000,0x00000000f8900000)
  from space 55808K, 28% used [0x00000000f8900000,0x00000000f98bad98,0x00000000fbf80000)
  to   space 52224K, 0% used [0x00000000fc900000,0x00000000fc900000,0x00000000ffc00000)
 ParOldGen       total 398336K, used 246699K [0x00000000c0000000, 0x00000000d8500000, 0x00000000eab00000)
  object space 398336K, 61% used [0x00000000c0000000,0x00000000cf0eaed8,0x00000000d8500000)
 Metaspace       used 184734K, capacity 193711K, committed 194136K, reserved 1218560K
  class space    used 22684K, capacity 24246K, committed 24448K, reserved 1048576K
Event: 6807.431 GC heap after
Heap after GC invocations=97 (full 9):
 PSYoungGen      total 287744K, used 17083K [0x00000000eab00000, 0x00000000ff680000, 0x0000000100000000)
  eden space 241152K, 0% used [0x00000000eab00000,0x00000000eab00000,0x00000000f9680000)
  from space 46592K, 36% used [0x00000000fc900000,0x00000000fd9aed88,0x00000000ff680000)
  to   space 49152K, 0% used [0x00000000f9680000,0x00000000f9680000,0x00000000fc680000)
 ParOldGen       total 398336K, used 246699K [0x00000000c0000000, 0x00000000d8500000, 0x00000000eab00000)
  object space 398336K, 61% used [0x00000000c0000000,0x00000000cf0eaed8,0x00000000d8500000)
 Metaspace       used 184734K, capacity 193711K, committed 194136K, reserved 1218560K
  class space    used 22684K, capacity 24246K, committed 24448K, reserved 1048576K
}
Event: 6809.494 GC heap before
{Heap before GC invocations=98 (full 9):
 PSYoungGen      total 287744K, used 258235K [0x00000000eab00000, 0x00000000ff680000, 0x0000000100000000)
  eden space 241152K, 100% used [0x00000000eab00000,0x00000000f9680000,0x00000000f9680000)
  from space 46592K, 36% used [0x00000000fc900000,0x00000000fd9aed88,0x00000000ff680000)
  to   space 49152K, 0% used [0x00000000f9680000,0x00000000f9680000,0x00000000fc680000)
 ParOldGen       total 398336K, used 246699K [0x00000000c0000000, 0x00000000d8500000, 0x00000000eab00000)
  object space 398336K, 61% used [0x00000000c0000000,0x00000000cf0eaed8,0x00000000d8500000)
 Metaspace       used 184751K, capacity 193729K, committed 194136K, reserved 1218560K
  class space    used 22687K, capacity 24249K, committed 24448K, reserved 1048576K
Event: 6809.530 GC heap after
Heap after GC invocations=98 (full 9):
 PSYoungGen      total 290304K, used 18539K [0x00000000eab00000, 0x00000000ffc80000, 0x0000000100000000)
  eden space 241152K, 0% used [0x00000000eab00000,0x00000000eab00000,0x00000000f9680000)
  from space 49152K, 37% used [0x00000000f9680000,0x00000000fa89ad98,0x00000000fc680000)
  to   space 46080K, 0% used [0x00000000fcf80000,0x00000000fcf80000,0x00000000ffc80000)
 ParOldGen       total 398336K, used 246699K [0x00000000c0000000, 0x00000000d8500000, 0x00000000eab00000)
  object space 398336K, 61% used [0x00000000c0000000,0x00000000cf0eaed8,0x00000000d8500000)
 Metaspace       used 184751K, capacity 193729K, committed 194136K, reserved 1218560K
  class space    used 22687K, capacity 24249K, committed 24448K, reserved 1048576K
}
Event: 6811.176 GC heap before
{Heap before GC invocations=99 (full 9):
 PSYoungGen      total 290304K, used 259691K [0x00000000eab00000, 0x00000000ffc80000, 0x0000000100000000)
  eden space 241152K, 100% used [0x00000000eab00000,0x00000000f9680000,0x00000000f9680000)
  from space 49152K, 37% used [0x00000000f9680000,0x00000000fa89ad98,0x00000000fc680000)
  to   space 46080K, 0% used [0x00000000fcf80000,0x00000000fcf80000,0x00000000ffc80000)
 ParOldGen       total 398336K, used 246699K [0x00000000c0000000, 0x00000000d8500000, 0x00000000eab00000)
  object space 398336K, 61% used [0x00000000c0000000,0x00000000cf0eaed8,0x00000000d8500000)
 Metaspace       used 184753K, capacity 193729K, committed 194136K, reserved 1218560K
  class space    used 22687K, capacity 24249K, committed 24448K, reserved 1048576K
Event: 6811.205 GC heap after
Heap after GC invocations=99 (full 9):
 PSYoungGen      total 296448K, used 19659K [0x00000000eab00000, 0x00000000ff900000, 0x0000000100000000)
  eden space 253952K, 0% used [0x00000000eab00000,0x00000000eab00000,0x00000000fa300000)
  from space 42496K, 46% used [0x00000000fcf80000,0x00000000fe2b2d98,0x00000000ff900000)
  to   space 44032K, 0% used [0x00000000fa300000,0x00000000fa300000,0x00000000fce00000)
 ParOldGen       total 398336K, used 246707K [0x00000000c0000000, 0x00000000d8500000, 0x00000000eab00000)
  object space 398336K, 61% used [0x00000000c0000000,0x00000000cf0eced8,0x00000000d8500000)
 Metaspace       used 184753K, capacity 193729K, committed 194136K, reserved 1218560K
  class space    used 22687K, capacity 24249K, committed 24448K, reserved 1048576K
}

